[2025-05-09 16:09:29] ===== Mulai eksekusi analyze.php =====

[2025-05-09 16:09:29] File memory_helper.php ada

[2025-05-09 16:09:29] memory_helper.php berhasil diinclude

[2025-05-09 16:09:29] File vendor/autoload.php ada

[2025-05-09 16:09:29] File config.php ada

[2025-05-09 16:09:29] File lib/Preprocessing.php ada

[2025-05-09 16:09:29] Semua file berhasil diinclude

[2025-05-09 16:09:29] Import kelas berhasil

[2025-05-09 16:09:29] Header diatur ke application/json

[2025-05-09 16:09:29] Request method adalah POST

[2025-05-09 16:09:29] Teks input:    menuju indonesia gelap gulita, masa depan suram karena efisiensi anggaran yang merugikan

[2025-05-09 16:09:29] Mulai preprocessing

[2025-05-09 16:09:29] Preprocessing selesai, token: 11

[2025-05-09 16:09:29] Stemming selesai

[2025-05-09 16:09:29] Mencoba membaca vectorizer dari: models/vectorizer.json

[2025-05-09 16:09:29] File vectorizer berhasil dibaca, ukuran: 44054 bytes

[2025-05-09 16:09:29] JSON berhasil di-decode

[2025-05-09 16:09:29] Vocabulary valid, jumlah kata: 5050

[2025-05-09 16:09:29] Tidak ada kata dalam teks yang cocok dengan vocabulary model

[2025-05-09 16:09:29] Berhasil mengirim respons JSON dengan warning

[2025-05-09 16:11:22] ===== Mulai eksekusi analyze.php =====

[2025-05-09 16:11:22] File memory_helper.php ada

[2025-05-09 16:11:22] memory_helper.php berhasil diinclude

[2025-05-09 16:11:22] File vendor/autoload.php ada

[2025-05-09 16:11:22] File config.php ada

[2025-05-09 16:11:22] File lib/Preprocessing.php ada

[2025-05-09 16:11:22] Semua file berhasil diinclude

[2025-05-09 16:11:22] Import kelas berhasil

[2025-05-09 16:11:22] Header diatur ke application/json

[2025-05-09 16:11:22] Request method adalah POST

[2025-05-09 16:11:22] Teks input: kabinet gemuk Indonesia gelap

[2025-05-09 16:11:22] Mulai preprocessing

[2025-05-09 16:11:22] Preprocessing selesai, token: 4

[2025-05-09 16:11:22] Stemming selesai

[2025-05-09 16:11:22] Mencoba membaca vectorizer dari: models/vectorizer.json

[2025-05-09 16:11:22] File vectorizer berhasil dibaca, ukuran: 44054 bytes

[2025-05-09 16:11:22] JSON berhasil di-decode

[2025-05-09 16:11:22] Vocabulary valid, jumlah kata: 5050

[2025-05-09 16:11:22] Tidak ada kata dalam teks yang cocok dengan vocabulary model

[2025-05-09 16:11:22] Berhasil mengirim respons JSON dengan warning

[2025-05-09 16:22:51] ===== Mulai eksekusi analyze.php =====

[2025-05-09 16:22:51] File memory_helper.php ada

[2025-05-09 16:22:51] memory_helper.php berhasil diinclude

[2025-05-09 16:22:51] File vendor/autoload.php ada

[2025-05-09 16:22:51] File config.php ada

[2025-05-09 16:22:51] File lib/Preprocessing.php ada

[2025-05-09 16:22:51] Semua file berhasil diinclude

[2025-05-09 16:22:51] Import kelas berhasil

[2025-05-09 16:22:51] Header diatur ke application/json

[2025-05-09 16:22:51] Request method adalah POST

[2025-05-09 16:22:51] Teks input: kabinet gemuk Indonesia gelap

[2025-05-09 16:22:51] Mulai preprocessing

[2025-05-09 16:22:52] Setelah convertEmoticons: kabinet gemuk Indonesia gelap

[2025-05-09 16:22:52] Setelah cleanText: kabinet gemuk indonesia gelap

[2025-05-09 16:22:52] Setelah removeStopwords: Array

[2025-05-09 16:22:52] Preprocessing selesai, token: 4 - kabinet, gemuk, indonesia, gelap

[2025-05-09 16:22:52] Stemming selesai

[2025-05-09 16:22:52] Mencoba membaca vectorizer dari: models/vectorizer.json

[2025-05-09 16:22:52] File vectorizer berhasil dibaca, ukuran: 44054 bytes

[2025-05-09 16:22:52] JSON berhasil di-decode

[2025-05-09 16:22:52] Vocabulary valid, jumlah kata: 5050

[2025-05-09 16:22:52] Tidak ada kata dalam teks yang cocok dengan vocabulary model

[2025-05-09 16:22:52] Berhasil mengirim respons JSON dengan warning

[2025-05-09 16:23:18] ===== Mulai eksekusi analyze.php =====

[2025-05-09 16:23:18] File memory_helper.php ada

[2025-05-09 16:23:18] memory_helper.php berhasil diinclude

[2025-05-09 16:23:18] File vendor/autoload.php ada

[2025-05-09 16:23:18] File config.php ada

[2025-05-09 16:23:18] File lib/Preprocessing.php ada

[2025-05-09 16:23:18] Semua file berhasil diinclude

[2025-05-09 16:23:18] Import kelas berhasil

[2025-05-09 16:23:18] Header diatur ke application/json

[2025-05-09 16:23:18] Request method adalah POST

[2025-05-09 16:23:18] Teks input: Indonesia gelap

[2025-05-09 16:23:18] Mulai preprocessing

[2025-05-09 16:23:18] Setelah convertEmoticons: Indonesia gelap

[2025-05-09 16:23:18] Setelah cleanText: indonesia gelap

[2025-05-09 16:23:18] Setelah removeStopwords: Array

[2025-05-09 16:23:18] Preprocessing selesai, token: 2 - indonesia, gelap

[2025-05-09 16:23:18] Stemming selesai

[2025-05-09 16:23:18] Mencoba membaca vectorizer dari: models/vectorizer.json

[2025-05-09 16:23:18] File vectorizer berhasil dibaca, ukuran: 44054 bytes

[2025-05-09 16:23:18] JSON berhasil di-decode

[2025-05-09 16:23:18] Vocabulary valid, jumlah kata: 5050

[2025-05-09 16:23:18] Tidak ada kata dalam teks yang cocok dengan vocabulary model

[2025-05-09 16:23:18] Berhasil mengirim respons JSON dengan warning

[2025-05-09 16:23:21] ===== Mulai eksekusi analyze.php =====

[2025-05-09 16:23:21] File memory_helper.php ada

[2025-05-09 16:23:21] memory_helper.php berhasil diinclude

[2025-05-09 16:23:21] File vendor/autoload.php ada

[2025-05-09 16:23:21] File config.php ada

[2025-05-09 16:23:21] File lib/Preprocessing.php ada

[2025-05-09 16:23:21] Semua file berhasil diinclude

[2025-05-09 16:23:21] Import kelas berhasil

[2025-05-09 16:23:21] Header diatur ke application/json

[2025-05-09 16:23:21] Request method adalah POST

[2025-05-09 16:23:21] Teks input: Indonesia gelap3

[2025-05-09 16:23:21] Mulai preprocessing

[2025-05-09 16:23:21] Setelah convertEmoticons: Indonesia gelap3

[2025-05-09 16:23:21] Setelah cleanText: indonesia gelap3

[2025-05-09 16:23:21] Setelah removeStopwords: Array

[2025-05-09 16:23:21] Preprocessing selesai, token: 2 - indonesia, gelap3

[2025-05-09 16:23:21] Stemming selesai

[2025-05-09 16:23:21] Mencoba membaca vectorizer dari: models/vectorizer.json

[2025-05-09 16:23:21] File vectorizer berhasil dibaca, ukuran: 44054 bytes

[2025-05-09 16:23:21] JSON berhasil di-decode

[2025-05-09 16:23:21] Vocabulary valid, jumlah kata: 5050

[2025-05-09 16:23:21] Tidak ada kata dalam teks yang cocok dengan vocabulary model

[2025-05-09 16:23:21] Berhasil mengirim respons JSON dengan warning

[2025-05-09 16:23:23] ===== Mulai eksekusi analyze.php =====

[2025-05-09 16:23:23] File memory_helper.php ada

[2025-05-09 16:23:23] memory_helper.php berhasil diinclude

[2025-05-09 16:23:23] File vendor/autoload.php ada

[2025-05-09 16:23:23] File config.php ada

[2025-05-09 16:23:23] File lib/Preprocessing.php ada

[2025-05-09 16:23:23] Semua file berhasil diinclude

[2025-05-09 16:23:23] Import kelas berhasil

[2025-05-09 16:23:23] Header diatur ke application/json

[2025-05-09 16:23:23] Request method adalah POST

[2025-05-09 16:23:23] Teks input: Indonesia gelap3

[2025-05-09 16:23:23] Mulai preprocessing

[2025-05-09 16:23:23] Setelah convertEmoticons: Indonesia gelap3

[2025-05-09 16:23:23] Setelah cleanText: indonesia gelap3

[2025-05-09 16:23:23] Setelah removeStopwords: Array

[2025-05-09 16:23:23] Preprocessing selesai, token: 2 - indonesia, gelap3

[2025-05-09 16:23:23] Stemming selesai

[2025-05-09 16:23:23] Mencoba membaca vectorizer dari: models/vectorizer.json

[2025-05-09 16:23:23] File vectorizer berhasil dibaca, ukuran: 44054 bytes

[2025-05-09 16:23:23] JSON berhasil di-decode

[2025-05-09 16:23:23] Vocabulary valid, jumlah kata: 5050

[2025-05-09 16:23:23] Tidak ada kata dalam teks yang cocok dengan vocabulary model

[2025-05-09 16:23:23] Berhasil mengirim respons JSON dengan warning

[2025-05-09 16:23:23] ===== Mulai eksekusi analyze.php =====

[2025-05-09 16:23:23] File memory_helper.php ada

[2025-05-09 16:23:23] memory_helper.php berhasil diinclude

[2025-05-09 16:23:23] File vendor/autoload.php ada

[2025-05-09 16:23:23] File config.php ada

[2025-05-09 16:23:23] File lib/Preprocessing.php ada

[2025-05-09 16:23:23] Semua file berhasil diinclude

[2025-05-09 16:23:23] Import kelas berhasil

[2025-05-09 16:23:23] Header diatur ke application/json

[2025-05-09 16:23:23] Request method adalah POST

[2025-05-09 16:23:23] Teks input: Indonesia gelap3

[2025-05-09 16:23:23] Mulai preprocessing

[2025-05-09 16:23:23] Setelah convertEmoticons: Indonesia gelap3

[2025-05-09 16:23:23] Setelah cleanText: indonesia gelap3

[2025-05-09 16:23:23] Setelah removeStopwords: Array

[2025-05-09 16:23:23] Preprocessing selesai, token: 2 - indonesia, gelap3

[2025-05-09 16:23:23] Stemming selesai

[2025-05-09 16:23:23] Mencoba membaca vectorizer dari: models/vectorizer.json

[2025-05-09 16:23:23] File vectorizer berhasil dibaca, ukuran: 44054 bytes

[2025-05-09 16:23:23] JSON berhasil di-decode

[2025-05-09 16:23:23] Vocabulary valid, jumlah kata: 5050

[2025-05-09 16:23:23] Tidak ada kata dalam teks yang cocok dengan vocabulary model

[2025-05-09 16:23:23] Berhasil mengirim respons JSON dengan warning

[2025-05-09 16:23:23] ===== Mulai eksekusi analyze.php =====

[2025-05-09 16:23:23] File memory_helper.php ada

[2025-05-09 16:23:23] memory_helper.php berhasil diinclude

[2025-05-09 16:23:23] File vendor/autoload.php ada

[2025-05-09 16:23:23] File config.php ada

[2025-05-09 16:23:23] File lib/Preprocessing.php ada

[2025-05-09 16:23:23] Semua file berhasil diinclude

[2025-05-09 16:23:23] Import kelas berhasil

[2025-05-09 16:23:23] Header diatur ke application/json

[2025-05-09 16:23:23] Request method adalah POST

[2025-05-09 16:23:23] Teks input: Indonesia gelap3

[2025-05-09 16:23:23] Mulai preprocessing

[2025-05-09 16:23:23] Setelah convertEmoticons: Indonesia gelap3

[2025-05-09 16:23:23] Setelah cleanText: indonesia gelap3

[2025-05-09 16:23:23] Setelah removeStopwords: Array

[2025-05-09 16:23:23] Preprocessing selesai, token: 2 - indonesia, gelap3

[2025-05-09 16:23:23] Stemming selesai

[2025-05-09 16:23:23] Mencoba membaca vectorizer dari: models/vectorizer.json

[2025-05-09 16:23:23] File vectorizer berhasil dibaca, ukuran: 44054 bytes

[2025-05-09 16:23:23] JSON berhasil di-decode

[2025-05-09 16:23:23] Vocabulary valid, jumlah kata: 5050

[2025-05-09 16:23:23] Tidak ada kata dalam teks yang cocok dengan vocabulary model

[2025-05-09 16:23:23] Berhasil mengirim respons JSON dengan warning

[2025-05-09 16:23:24] ===== Mulai eksekusi analyze.php =====

[2025-05-09 16:23:24] File memory_helper.php ada

[2025-05-09 16:23:24] memory_helper.php berhasil diinclude

[2025-05-09 16:23:24] File vendor/autoload.php ada

[2025-05-09 16:23:24] File config.php ada

[2025-05-09 16:23:24] File lib/Preprocessing.php ada

[2025-05-09 16:23:24] Semua file berhasil diinclude

[2025-05-09 16:23:24] Import kelas berhasil

[2025-05-09 16:23:24] Header diatur ke application/json

[2025-05-09 16:23:24] Request method adalah POST

[2025-05-09 16:23:24] Teks input: Indonesia gelap3

[2025-05-09 16:23:24] Mulai preprocessing

[2025-05-09 16:23:24] Setelah convertEmoticons: Indonesia gelap3

[2025-05-09 16:23:24] Setelah cleanText: indonesia gelap3

[2025-05-09 16:23:24] Setelah removeStopwords: Array

[2025-05-09 16:23:24] Preprocessing selesai, token: 2 - indonesia, gelap3

[2025-05-09 16:23:24] Stemming selesai

[2025-05-09 16:23:24] Mencoba membaca vectorizer dari: models/vectorizer.json

[2025-05-09 16:23:24] File vectorizer berhasil dibaca, ukuran: 44054 bytes

[2025-05-09 16:23:24] JSON berhasil di-decode

[2025-05-09 16:23:24] Vocabulary valid, jumlah kata: 5050

[2025-05-09 16:23:24] Tidak ada kata dalam teks yang cocok dengan vocabulary model

[2025-05-09 16:23:24] Berhasil mengirim respons JSON dengan warning

[2025-05-09 16:23:24] ===== Mulai eksekusi analyze.php =====

[2025-05-09 16:23:24] File memory_helper.php ada

[2025-05-09 16:23:24] memory_helper.php berhasil diinclude

[2025-05-09 16:23:24] File vendor/autoload.php ada

[2025-05-09 16:23:24] File config.php ada

[2025-05-09 16:23:24] File lib/Preprocessing.php ada

[2025-05-09 16:23:24] Semua file berhasil diinclude

[2025-05-09 16:23:24] Import kelas berhasil

[2025-05-09 16:23:24] Header diatur ke application/json

[2025-05-09 16:23:24] Request method adalah POST

[2025-05-09 16:23:24] Teks input: Indonesia gelap3

[2025-05-09 16:23:24] Mulai preprocessing

[2025-05-09 16:23:25] Setelah convertEmoticons: Indonesia gelap3

[2025-05-09 16:23:25] Setelah cleanText: indonesia gelap3

[2025-05-09 16:23:25] Setelah removeStopwords: Array

[2025-05-09 16:23:25] Preprocessing selesai, token: 2 - indonesia, gelap3

[2025-05-09 16:23:25] Stemming selesai

[2025-05-09 16:23:25] Mencoba membaca vectorizer dari: models/vectorizer.json

[2025-05-09 16:23:25] File vectorizer berhasil dibaca, ukuran: 44054 bytes

[2025-05-09 16:23:25] JSON berhasil di-decode

[2025-05-09 16:23:25] Vocabulary valid, jumlah kata: 5050

[2025-05-09 16:23:25] Tidak ada kata dalam teks yang cocok dengan vocabulary model

[2025-05-09 16:23:25] Berhasil mengirim respons JSON dengan warning

[2025-05-09 16:23:25] ===== Mulai eksekusi analyze.php =====

[2025-05-09 16:23:25] File memory_helper.php ada

[2025-05-09 16:23:25] memory_helper.php berhasil diinclude

[2025-05-09 16:23:25] File vendor/autoload.php ada

[2025-05-09 16:23:25] File config.php ada

[2025-05-09 16:23:25] File lib/Preprocessing.php ada

[2025-05-09 16:23:25] Semua file berhasil diinclude

[2025-05-09 16:23:25] Import kelas berhasil

[2025-05-09 16:23:25] Header diatur ke application/json

[2025-05-09 16:23:25] Request method adalah POST

[2025-05-09 16:23:25] Teks input: Indonesia gelap3

[2025-05-09 16:23:25] Mulai preprocessing

[2025-05-09 16:23:25] Setelah convertEmoticons: Indonesia gelap3

[2025-05-09 16:23:25] Setelah cleanText: indonesia gelap3

[2025-05-09 16:23:25] Setelah removeStopwords: Array

[2025-05-09 16:23:25] Preprocessing selesai, token: 2 - indonesia, gelap3

[2025-05-09 16:23:25] Stemming selesai

[2025-05-09 16:23:25] Mencoba membaca vectorizer dari: models/vectorizer.json

[2025-05-09 16:23:25] File vectorizer berhasil dibaca, ukuran: 44054 bytes

[2025-05-09 16:23:25] JSON berhasil di-decode

[2025-05-09 16:23:25] Vocabulary valid, jumlah kata: 5050

[2025-05-09 16:23:25] Tidak ada kata dalam teks yang cocok dengan vocabulary model

[2025-05-09 16:23:25] Berhasil mengirim respons JSON dengan warning

[2025-05-09 16:23:25] ===== Mulai eksekusi analyze.php =====

[2025-05-09 16:23:25] File memory_helper.php ada

[2025-05-09 16:23:25] memory_helper.php berhasil diinclude

[2025-05-09 16:23:25] File vendor/autoload.php ada

[2025-05-09 16:23:25] File config.php ada

[2025-05-09 16:23:25] File lib/Preprocessing.php ada

[2025-05-09 16:23:25] Semua file berhasil diinclude

[2025-05-09 16:23:25] Import kelas berhasil

[2025-05-09 16:23:25] Header diatur ke application/json

[2025-05-09 16:23:25] Request method adalah POST

[2025-05-09 16:23:25] Teks input: Indonesia gelap3

[2025-05-09 16:23:25] Mulai preprocessing

[2025-05-09 16:23:25] Setelah convertEmoticons: Indonesia gelap3

[2025-05-09 16:23:25] Setelah cleanText: indonesia gelap3

[2025-05-09 16:23:25] Setelah removeStopwords: Array

[2025-05-09 16:23:25] Preprocessing selesai, token: 2 - indonesia, gelap3

[2025-05-09 16:23:25] Stemming selesai

[2025-05-09 16:23:25] Mencoba membaca vectorizer dari: models/vectorizer.json

[2025-05-09 16:23:25] File vectorizer berhasil dibaca, ukuran: 44054 bytes

[2025-05-09 16:23:25] JSON berhasil di-decode

[2025-05-09 16:23:25] Vocabulary valid, jumlah kata: 5050

[2025-05-09 16:23:25] Tidak ada kata dalam teks yang cocok dengan vocabulary model

[2025-05-09 16:23:25] Berhasil mengirim respons JSON dengan warning

[2025-05-09 16:23:25] ===== Mulai eksekusi analyze.php =====

[2025-05-09 16:23:25] File memory_helper.php ada

[2025-05-09 16:23:25] memory_helper.php berhasil diinclude

[2025-05-09 16:23:25] File vendor/autoload.php ada

[2025-05-09 16:23:25] File config.php ada

[2025-05-09 16:23:25] File lib/Preprocessing.php ada

[2025-05-09 16:23:25] Semua file berhasil diinclude

[2025-05-09 16:23:25] Import kelas berhasil

[2025-05-09 16:23:25] Header diatur ke application/json

[2025-05-09 16:23:25] Request method adalah POST

[2025-05-09 16:23:25] Teks input: Indonesia gelap3

[2025-05-09 16:23:25] Mulai preprocessing

[2025-05-09 16:23:25] Setelah convertEmoticons: Indonesia gelap3

[2025-05-09 16:23:25] Setelah cleanText: indonesia gelap3

[2025-05-09 16:23:25] Setelah removeStopwords: Array

[2025-05-09 16:23:25] Preprocessing selesai, token: 2 - indonesia, gelap3

[2025-05-09 16:23:25] Stemming selesai

[2025-05-09 16:23:25] Mencoba membaca vectorizer dari: models/vectorizer.json

[2025-05-09 16:23:25] File vectorizer berhasil dibaca, ukuran: 44054 bytes

[2025-05-09 16:23:25] JSON berhasil di-decode

[2025-05-09 16:23:25] Vocabulary valid, jumlah kata: 5050

[2025-05-09 16:23:25] Tidak ada kata dalam teks yang cocok dengan vocabulary model

[2025-05-09 16:23:25] Berhasil mengirim respons JSON dengan warning

[2025-05-09 16:23:25] ===== Mulai eksekusi analyze.php =====

[2025-05-09 16:23:25] File memory_helper.php ada

[2025-05-09 16:23:25] memory_helper.php berhasil diinclude

[2025-05-09 16:23:25] File vendor/autoload.php ada

[2025-05-09 16:23:25] File config.php ada

[2025-05-09 16:23:25] File lib/Preprocessing.php ada

[2025-05-09 16:23:25] Semua file berhasil diinclude

[2025-05-09 16:23:25] Import kelas berhasil

[2025-05-09 16:23:25] Header diatur ke application/json

[2025-05-09 16:23:25] Request method adalah POST

[2025-05-09 16:23:25] Teks input: Indonesia gelap3

[2025-05-09 16:23:25] Mulai preprocessing

[2025-05-09 16:23:25] Setelah convertEmoticons: Indonesia gelap3

[2025-05-09 16:23:25] Setelah cleanText: indonesia gelap3

[2025-05-09 16:23:25] Setelah removeStopwords: Array

[2025-05-09 16:23:25] Preprocessing selesai, token: 2 - indonesia, gelap3

[2025-05-09 16:23:25] Stemming selesai

[2025-05-09 16:23:25] Mencoba membaca vectorizer dari: models/vectorizer.json

[2025-05-09 16:23:25] File vectorizer berhasil dibaca, ukuran: 44054 bytes

[2025-05-09 16:23:25] JSON berhasil di-decode

[2025-05-09 16:23:25] Vocabulary valid, jumlah kata: 5050

[2025-05-09 16:23:25] Tidak ada kata dalam teks yang cocok dengan vocabulary model

[2025-05-09 16:23:25] Berhasil mengirim respons JSON dengan warning

[2025-05-09 16:23:25] ===== Mulai eksekusi analyze.php =====

[2025-05-09 16:23:25] File memory_helper.php ada

[2025-05-09 16:23:25] memory_helper.php berhasil diinclude

[2025-05-09 16:23:25] File vendor/autoload.php ada

[2025-05-09 16:23:25] File config.php ada

[2025-05-09 16:23:25] File lib/Preprocessing.php ada

[2025-05-09 16:23:25] Semua file berhasil diinclude

[2025-05-09 16:23:25] Import kelas berhasil

[2025-05-09 16:23:25] Header diatur ke application/json

[2025-05-09 16:23:25] Request method adalah POST

[2025-05-09 16:23:25] Teks input: Indonesia gelap3

[2025-05-09 16:23:25] Mulai preprocessing

[2025-05-09 16:23:25] Setelah convertEmoticons: Indonesia gelap3

[2025-05-09 16:23:25] Setelah cleanText: indonesia gelap3

[2025-05-09 16:23:25] Setelah removeStopwords: Array

[2025-05-09 16:23:25] Preprocessing selesai, token: 2 - indonesia, gelap3

[2025-05-09 16:23:25] Stemming selesai

[2025-05-09 16:23:25] Mencoba membaca vectorizer dari: models/vectorizer.json

[2025-05-09 16:23:25] File vectorizer berhasil dibaca, ukuran: 44054 bytes

[2025-05-09 16:23:25] JSON berhasil di-decode

[2025-05-09 16:23:25] Vocabulary valid, jumlah kata: 5050

[2025-05-09 16:23:25] Tidak ada kata dalam teks yang cocok dengan vocabulary model

[2025-05-09 16:23:25] Berhasil mengirim respons JSON dengan warning

[2025-05-09 16:23:25] ===== Mulai eksekusi analyze.php =====

[2025-05-09 16:23:25] File memory_helper.php ada

[2025-05-09 16:23:25] memory_helper.php berhasil diinclude

[2025-05-09 16:23:25] File vendor/autoload.php ada

[2025-05-09 16:23:25] File config.php ada

[2025-05-09 16:23:25] File lib/Preprocessing.php ada

[2025-05-09 16:23:25] Semua file berhasil diinclude

[2025-05-09 16:23:25] Import kelas berhasil

[2025-05-09 16:23:25] Header diatur ke application/json

[2025-05-09 16:23:25] Request method adalah POST

[2025-05-09 16:23:25] Teks input: Indonesia gelap3

[2025-05-09 16:23:25] Mulai preprocessing

[2025-05-09 16:23:26] Setelah convertEmoticons: Indonesia gelap3

[2025-05-09 16:23:26] Setelah cleanText: indonesia gelap3

[2025-05-09 16:23:26] Setelah removeStopwords: Array

[2025-05-09 16:23:26] Preprocessing selesai, token: 2 - indonesia, gelap3

[2025-05-09 16:23:26] Stemming selesai

[2025-05-09 16:23:26] Mencoba membaca vectorizer dari: models/vectorizer.json

[2025-05-09 16:23:26] File vectorizer berhasil dibaca, ukuran: 44054 bytes

[2025-05-09 16:23:26] JSON berhasil di-decode

[2025-05-09 16:23:26] Vocabulary valid, jumlah kata: 5050

[2025-05-09 16:23:26] Tidak ada kata dalam teks yang cocok dengan vocabulary model

[2025-05-09 16:23:26] Berhasil mengirim respons JSON dengan warning

[2025-05-09 16:23:26] ===== Mulai eksekusi analyze.php =====

[2025-05-09 16:23:26] File memory_helper.php ada

[2025-05-09 16:23:26] memory_helper.php berhasil diinclude

[2025-05-09 16:23:26] File vendor/autoload.php ada

[2025-05-09 16:23:26] File config.php ada

[2025-05-09 16:23:26] File lib/Preprocessing.php ada

[2025-05-09 16:23:26] Semua file berhasil diinclude

[2025-05-09 16:23:26] Import kelas berhasil

[2025-05-09 16:23:26] Header diatur ke application/json

[2025-05-09 16:23:26] Request method adalah POST

[2025-05-09 16:23:26] Teks input: Indonesia gelap3

[2025-05-09 16:23:26] Mulai preprocessing

[2025-05-09 16:23:26] Setelah convertEmoticons: Indonesia gelap3

[2025-05-09 16:23:26] Setelah cleanText: indonesia gelap3

[2025-05-09 16:23:26] Setelah removeStopwords: Array

[2025-05-09 16:23:26] Preprocessing selesai, token: 2 - indonesia, gelap3

[2025-05-09 16:23:26] Stemming selesai

[2025-05-09 16:23:26] Mencoba membaca vectorizer dari: models/vectorizer.json

[2025-05-09 16:23:26] File vectorizer berhasil dibaca, ukuran: 44054 bytes

[2025-05-09 16:23:26] JSON berhasil di-decode

[2025-05-09 16:23:26] Vocabulary valid, jumlah kata: 5050

[2025-05-09 16:23:26] Tidak ada kata dalam teks yang cocok dengan vocabulary model

[2025-05-09 16:23:26] Berhasil mengirim respons JSON dengan warning

[2025-05-09 16:27:37] ===== Mulai eksekusi analyze.php =====

[2025-05-09 16:27:37] File memory_helper.php ada

[2025-05-09 16:27:37] memory_helper.php berhasil diinclude

[2025-05-09 16:27:37] File vendor/autoload.php ada

[2025-05-09 16:27:37] File config.php ada

[2025-05-09 16:27:37] File lib/Preprocessing.php ada

[2025-05-09 16:27:37] Semua file berhasil diinclude

[2025-05-09 16:27:37] Import kelas berhasil

[2025-05-09 16:27:37] Header diatur ke application/json

[2025-05-09 16:27:37] Request method adalah POST

[2025-05-09 16:27:37] Teks input: Indonesia gelap

[2025-05-09 16:27:37] Mulai preprocessing

[2025-05-09 16:27:37] Setelah convertEmoticons: Indonesia gelap

[2025-05-09 16:27:37] Setelah cleanText: indonesia gelap

[2025-05-09 16:27:37] Setelah removeStopwords: Array

[2025-05-09 16:27:37] Preprocessing selesai, token: 2 - indonesia, gelap

[2025-05-09 16:27:37] Stemming selesai

[2025-05-09 16:27:37] Mencoba membaca vectorizer dari: models/vectorizer.json

[2025-05-09 16:27:37] File vectorizer berhasil dibaca, ukuran: 44054 bytes

[2025-05-09 16:27:37] JSON berhasil di-decode

[2025-05-09 16:27:37] Vocabulary valid, jumlah kata: 5050

[2025-05-09 16:27:37] Tidak ada kata dalam teks yang cocok dengan vocabulary model

[2025-05-09 16:27:37] Berhasil mengirim respons JSON dengan warning

[2025-05-09 16:31:42] ===== Mulai eksekusi analyze.php =====

[2025-05-09 16:31:42] File memory_helper.php ada

[2025-05-09 16:31:42] memory_helper.php berhasil diinclude

[2025-05-09 16:31:42] File vendor/autoload.php ada

[2025-05-09 16:31:42] File config.php ada

[2025-05-09 16:31:42] File models/SentimentModel.php ada

[2025-05-09 16:31:42] Semua file berhasil diinclude

[2025-05-09 16:31:42] Header diatur ke application/json

[2025-05-09 16:31:42] Request method adalah POST

[2025-05-09 16:31:42] Teks input: Indonesia gelap

[2025-05-09 16:31:42] Inisialisasi SentimentModel

[2025-05-09 16:31:45] Menganalisis sentimen

[2025-05-09 16:31:45] Hasil analisis: negative (metode: lexicon)

[2025-05-09 16:31:45] JSON valid, ukuran: 562 bytes

[2025-05-09 16:31:45] Berhasil mengirim respons JSON

[2025-05-09 16:35:07] ===== Mulai eksekusi analyze.php =====

[2025-05-09 16:35:07] File memory_helper.php ada

[2025-05-09 16:35:07] memory_helper.php berhasil diinclude

[2025-05-09 16:35:07] File vendor/autoload.php ada

[2025-05-09 16:35:07] File config.php ada

[2025-05-09 16:35:07] File models/SentimentModel.php ada

[2025-05-09 16:35:07] Semua file berhasil diinclude

[2025-05-09 16:35:07] Header diatur ke application/json

[2025-05-09 16:35:07] Request method adalah POST

[2025-05-09 16:35:07] Teks input: Indonesia gelap

[2025-05-09 16:35:07] Inisialisasi SentimentModel

[2025-05-09 16:35:09] Menganalisis sentimen

[2025-05-09 16:35:09] Hasil analisis: negative (metode: lexicon)

[2025-05-09 16:35:09] JSON valid, ukuran: 588 bytes

[2025-05-09 16:35:09] Berhasil mengirim respons JSON

[2025-05-09 16:35:17] ===== Mulai eksekusi analyze.php =====

[2025-05-09 16:35:17] File memory_helper.php ada

[2025-05-09 16:35:17] memory_helper.php berhasil diinclude

[2025-05-09 16:35:17] File vendor/autoload.php ada

[2025-05-09 16:35:17] File config.php ada

[2025-05-09 16:35:17] File models/SentimentModel.php ada

[2025-05-09 16:35:17] Semua file berhasil diinclude

[2025-05-09 16:35:17] Header diatur ke application/json

[2025-05-09 16:35:17] Request method adalah POST

[2025-05-09 16:35:17] Teks input: Indonesia

[2025-05-09 16:35:17] Inisialisasi SentimentModel

[2025-05-09 16:35:19] Menganalisis sentimen

[2025-05-09 16:35:19] Hasil analisis: neutral (metode: lexicon)

[2025-05-09 16:35:19] JSON valid, ukuran: 467 bytes

[2025-05-09 16:35:19] Berhasil mengirim respons JSON

[2025-05-09 17:07:20] ===== Mulai eksekusi analyze.php =====

[2025-05-09 17:07:20] File memory_helper.php ada

[2025-05-09 17:07:20] memory_helper.php berhasil diinclude

[2025-05-09 17:07:20] File vendor/autoload.php ada

[2025-05-09 17:07:20] File config.php ada

[2025-05-09 17:07:20] File models/SentimentModel.php ada

[2025-05-09 17:07:20] Semua file berhasil diinclude

[2025-05-09 17:07:20] Header diatur ke application/json

[2025-05-09 17:07:20] Request method adalah POST

[2025-05-09 17:07:20] Teks input: Indonesia

[2025-05-09 17:07:20] Inisialisasi SentimentModel

[2025-05-09 17:07:20] Menganalisis sentimen

[2025-05-09 17:07:20] Hasil analisis: neutral (metode: lexicon)

[2025-05-09 17:07:20] JSON valid, ukuran: 467 bytes

[2025-05-09 17:07:20] Berhasil mengirim respons JSON

[2025-05-16 05:15:35] ===== Mulai eksekusi analyze.php =====

[2025-05-16 05:15:35] File memory_helper.php ada

[2025-05-16 05:15:35] memory_helper.php berhasil diinclude

[2025-05-16 05:15:35] File vendor/autoload.php ada

[2025-05-16 05:15:35] File config.php ada

[2025-05-16 05:15:35] File models/SentimentModel.php ada

[2025-05-16 05:15:35] Semua file berhasil diinclude

[2025-05-16 05:15:35] Header diatur ke application/json; charset=utf-8

[2025-05-16 05:15:35] Emoji check - Raw input: 

[2025-05-16 05:15:35] Error: Request bukan POST

[2025-05-18 06:17:52] ===== Mulai eksekusi analyze.php =====

[2025-05-18 06:17:52] File memory_helper.php ada

[2025-05-18 06:17:52] memory_helper.php berhasil diinclude

[2025-05-18 06:17:52] File vendor/autoload.php ada

[2025-05-18 06:17:52] File config.php ada

[2025-05-18 06:17:52] File models/SentimentModel.php ada

[2025-05-18 06:17:52] Semua file berhasil diinclude

[2025-05-18 06:17:52] Header diatur ke application/json; charset=utf-8

[2025-05-18 06:17:52] Emoji check - Raw input: 

[2025-05-18 06:17:52] Error: Request bukan POST

[2025-05-18 06:18:26] ===== Mulai eksekusi analyze.php =====

[2025-05-18 06:18:26] File memory_helper.php ada

[2025-05-18 06:18:26] memory_helper.php berhasil diinclude

[2025-05-18 06:18:26] File vendor/autoload.php ada

[2025-05-18 06:18:26] File config.php ada

[2025-05-18 06:18:26] File models/SentimentModel.php ada

[2025-05-18 06:18:26] Semua file berhasil diinclude

[2025-05-18 06:18:26] Header diatur ke application/json; charset=utf-8

[2025-05-18 06:18:26] Emoji check - Raw input: 

[2025-05-18 06:18:26] Error: Request bukan POST

[2025-05-18 06:42:33] ===== Mulai eksekusi analyze.php =====

[2025-05-18 06:42:33] File memory_helper.php ada

[2025-05-18 06:42:33] memory_helper.php berhasil diinclude

[2025-05-18 06:42:33] File vendor/autoload.php ada

[2025-05-18 06:42:33] File config.php ada

[2025-05-18 06:42:33] File models/SentimentModel.php ada

[2025-05-18 06:42:33] Semua file berhasil diinclude

[2025-05-18 06:42:33] Header diatur ke application/json; charset=utf-8

[2025-05-18 06:42:33] Emoji check - Raw input: 

[2025-05-18 06:42:33] Error: Request bukan POST

[2025-05-18 11:17:22] ===== Mulai eksekusi analyze.php =====

[2025-05-18 11:17:22] File memory_helper.php ada

[2025-05-18 11:17:22] memory_helper.php berhasil diinclude

[2025-05-18 11:17:22] File vendor/autoload.php ada

[2025-05-18 11:17:22] File config.php ada

[2025-05-18 11:17:22] File models/SentimentModel.php ada

[2025-05-18 11:17:22] Semua file berhasil diinclude

[2025-05-18 11:17:22] Header diatur ke application/json; charset=utf-8

[2025-05-18 11:17:22] Emoji check - Raw input: 

[2025-05-18 11:17:22] Error: Request bukan POST

[2025-05-18 11:17:38] ===== Mulai eksekusi analyze.php =====

[2025-05-18 11:17:38] File memory_helper.php ada

[2025-05-18 11:17:38] memory_helper.php berhasil diinclude

[2025-05-18 11:17:38] File vendor/autoload.php ada

[2025-05-18 11:17:38] File config.php ada

[2025-05-18 11:17:38] File models/SentimentModel.php ada

[2025-05-18 11:17:38] Semua file berhasil diinclude

[2025-05-18 11:17:38] Header diatur ke application/json; charset=utf-8

[2025-05-18 11:17:38] Emoji check - Raw input: 

[2025-05-18 11:17:38] Error: Request bukan POST

[2025-05-18 11:20:25] ===== Mulai eksekusi analyze.php =====

[2025-05-18 11:20:25] File memory_helper.php ada

[2025-05-18 11:20:25] memory_helper.php berhasil diinclude

[2025-05-18 11:20:25] File vendor/autoload.php ada

[2025-05-18 11:20:25] File config.php ada

[2025-05-18 11:20:25] File models/SentimentModel.php ada

[2025-05-18 11:20:25] Semua file berhasil diinclude

[2025-05-18 11:20:25] Header diatur ke application/json; charset=utf-8

[2025-05-18 11:20:25] Emoji check - Raw input: 

[2025-05-18 11:20:25] Error: Request bukan POST

[2025-05-18 11:35:51] ===== Mulai eksekusi analyze.php =====

[2025-05-18 11:35:51] File memory_helper.php ada

[2025-05-18 11:35:51] memory_helper.php berhasil diinclude

[2025-05-18 11:35:51] File vendor/autoload.php ada

[2025-05-18 11:35:51] File config.php ada

[2025-05-18 11:35:51] File models/SentimentModel.php ada

[2025-05-18 11:35:51] Semua file berhasil diinclude

[2025-05-18 11:35:51] Header diatur ke application/json; charset=utf-8

[2025-05-18 11:35:51] Emoji check - Raw input: 

[2025-05-18 11:35:51] Error: Request bukan POST

[2025-05-18 11:39:37] ===== Mulai eksekusi analyze.php =====

[2025-05-18 11:39:37] File memory_helper.php ada

[2025-05-18 11:39:37] memory_helper.php berhasil diinclude

[2025-05-18 11:39:37] File vendor/autoload.php ada

[2025-05-18 11:39:37] File config.php ada

[2025-05-18 11:39:37] File models/SentimentModel.php ada

[2025-05-18 11:39:37] Semua file berhasil diinclude

[2025-05-18 11:39:37] Header diatur ke application/json; charset=utf-8

[2025-05-18 11:39:37] Emoji check - Raw input: 

[2025-05-18 11:39:37] Error: Request bukan POST

[2025-05-18 11:39:41] ===== Mulai eksekusi analyze.php =====

[2025-05-18 11:39:41] File memory_helper.php ada

[2025-05-18 11:39:41] memory_helper.php berhasil diinclude

[2025-05-18 11:39:41] File vendor/autoload.php ada

[2025-05-18 11:39:41] File config.php ada

[2025-05-18 11:39:41] File models/SentimentModel.php ada

[2025-05-18 11:39:41] Semua file berhasil diinclude

[2025-05-18 11:39:41] Header diatur ke application/json; charset=utf-8

[2025-05-18 11:39:41] Emoji check - Raw input: 

[2025-05-18 11:39:41] Error: Request bukan POST

[2025-05-18 12:44:29] ===== Mulai eksekusi analyze.php =====

[2025-05-18 12:44:29] File memory_helper.php ada

[2025-05-18 12:44:29] memory_helper.php berhasil diinclude

[2025-05-18 12:44:29] File vendor/autoload.php ada

[2025-05-18 12:44:29] File config.php ada

[2025-05-18 12:44:29] File models/SentimentModel.php ada

[2025-05-18 12:44:29] Semua file berhasil diinclude

[2025-05-18 12:44:29] Header diatur ke application/json; charset=utf-8

[2025-05-18 12:44:29] Emoji check - Raw input: 736179612073656e64616e67

[2025-05-18 12:44:29] Request method adalah POST

[2025-05-18 12:44:29] Teks input: saya sendang

[2025-05-18 12:44:29] Inisialisasi SentimentModel

[2025-05-18 12:44:29] Menganalisis sentimen

[2025-05-18 12:44:29] Hasil analisis: negative (metode: lexicon)

[2025-05-18 12:44:29] JSON valid, ukuran: 576 bytes

[2025-05-18 12:44:29] Berhasil mengirim respons JSON

[2025-05-18 12:59:54] ===== Mulai eksekusi analyze.php =====

[2025-05-18 12:59:54] File memory_helper.php ada

[2025-05-18 12:59:54] memory_helper.php berhasil diinclude

[2025-05-18 12:59:54] File vendor/autoload.php ada

[2025-05-18 12:59:54] File config.php ada

[2025-05-18 12:59:54] File models/SentimentModel.php ada

[2025-05-18 12:59:54] Semua file berhasil diinclude

[2025-05-18 12:59:54] Header diatur ke application/json; charset=utf-8

[2025-05-18 12:59:54] Emoji check - Raw input: 

[2025-05-18 12:59:54] Error: Request bukan POST

[2025-05-18 13:27:50] ===== Mulai eksekusi analyze.php =====

[2025-05-18 13:27:50] File memory_helper.php ada

[2025-05-18 13:27:50] memory_helper.php berhasil diinclude

[2025-05-18 13:27:50] File vendor/autoload.php ada

[2025-05-18 13:27:50] File config.php ada

[2025-05-18 13:27:50] File models/SentimentModel.php ada

[2025-05-18 13:27:50] Semua file berhasil diinclude

[2025-05-18 13:27:50] Header diatur ke application/json; charset=utf-8

[2025-05-18 13:27:50] Emoji check - Raw input: 

[2025-05-18 13:27:50] Error: Request bukan POST

[2025-05-18 13:28:55] ===== Mulai eksekusi analyze.php =====

[2025-05-18 13:28:55] File memory_helper.php ada

[2025-05-18 13:28:55] memory_helper.php berhasil diinclude

[2025-05-18 13:28:55] File vendor/autoload.php ada

[2025-05-18 13:28:55] File config.php ada

[2025-05-18 13:28:55] File models/SentimentModel.php ada

[2025-05-18 13:28:55] Semua file berhasil diinclude

[2025-05-18 13:28:55] Header diatur ke application/json; charset=utf-8

[2025-05-18 13:28:55] Emoji check - Raw input: 

[2025-05-18 13:28:55] Error: Request bukan POST

[2025-05-18 13:31:00] ===== Mulai eksekusi analyze.php =====

[2025-05-18 13:31:00] File memory_helper.php ada

[2025-05-18 13:31:00] memory_helper.php berhasil diinclude

[2025-05-18 13:31:00] File vendor/autoload.php ada

[2025-05-18 13:31:00] File config.php ada

[2025-05-18 13:31:00] File models/SentimentModel.php ada

[2025-05-18 13:31:00] Semua file berhasil diinclude

[2025-05-18 13:31:00] Header diatur ke application/json; charset=utf-8

[2025-05-18 13:31:00] Emoji check - Raw input: 

[2025-05-18 13:31:00] Error: Request bukan POST

[2025-05-20 06:06:08] ===== Mulai eksekusi analyze.php =====

[2025-05-20 06:06:08] File memory_helper.php ada

[2025-05-20 06:06:08] memory_helper.php berhasil diinclude

[2025-05-20 06:06:08] File vendor/autoload.php ada

[2025-05-20 06:06:08] File config.php ada

[2025-05-20 06:06:08] File models/SentimentModel.php ada

[2025-05-20 06:06:08] Semua file berhasil diinclude

[2025-05-20 06:06:08] Header diatur ke application/json; charset=utf-8

[2025-05-20 06:06:08] Emoji check - Raw input: 

[2025-05-20 06:06:08] Error: Request bukan POST

[2025-05-20 06:06:21] ===== Mulai eksekusi analyze.php =====

[2025-05-20 06:06:21] File memory_helper.php ada

[2025-05-20 06:06:21] memory_helper.php berhasil diinclude

[2025-05-20 06:06:21] File vendor/autoload.php ada

[2025-05-20 06:06:21] File config.php ada

[2025-05-20 06:06:21] File models/SentimentModel.php ada

[2025-05-20 06:06:21] Semua file berhasil diinclude

[2025-05-20 06:06:21] Header diatur ke application/json; charset=utf-8

[2025-05-20 06:06:21] Emoji check - Raw input: 

[2025-05-20 06:06:21] Error: Request bukan POST

[2025-05-20 06:08:05] ===== Mulai eksekusi analyze.php =====

[2025-05-20 06:08:05] File memory_helper.php ada

[2025-05-20 06:08:05] memory_helper.php berhasil diinclude

[2025-05-20 06:08:05] File vendor/autoload.php ada

[2025-05-20 06:08:05] File config.php ada

[2025-05-20 06:08:05] File models/SentimentModel.php ada

[2025-05-20 06:08:05] Semua file berhasil diinclude

[2025-05-20 06:08:05] Header diatur ke application/json; charset=utf-8

[2025-05-20 06:08:05] Emoji check - Raw input: 

[2025-05-20 06:08:05] Error: Request bukan POST

[2025-05-20 06:08:15] ===== Mulai eksekusi analyze.php =====

[2025-05-20 06:08:15] File memory_helper.php ada

[2025-05-20 06:08:15] memory_helper.php berhasil diinclude

[2025-05-20 06:08:15] File vendor/autoload.php ada

[2025-05-20 06:08:15] File config.php ada

[2025-05-20 06:08:15] File models/SentimentModel.php ada

[2025-05-20 06:08:15] Semua file berhasil diinclude

[2025-05-20 06:08:15] Header diatur ke application/json; charset=utf-8

[2025-05-20 06:08:15] Emoji check - Raw input: 

[2025-05-20 06:08:15] Error: Request bukan POST

[2025-05-20 06:10:42] ===== Mulai eksekusi analyze.php =====

[2025-05-20 06:10:42] File memory_helper.php ada

[2025-05-20 06:10:42] memory_helper.php berhasil diinclude

[2025-05-20 06:10:42] File vendor/autoload.php ada

[2025-05-20 06:10:42] File config.php ada

[2025-05-20 06:10:42] File models/SentimentModel.php ada

[2025-05-20 06:10:42] Semua file berhasil diinclude

[2025-05-20 06:10:42] Header diatur ke application/json; charset=utf-8

[2025-05-20 06:10:42] Emoji check - Raw input: 

[2025-05-20 06:10:42] Error: Request bukan POST

[2025-05-20 06:15:10] ===== Mulai eksekusi analyze.php =====

[2025-05-20 06:15:10] File memory_helper.php ada

[2025-05-20 06:15:10] memory_helper.php berhasil diinclude

[2025-05-20 06:15:10] File vendor/autoload.php ada

[2025-05-20 06:15:10] File config.php ada

[2025-05-20 06:15:10] File models/SentimentModel.php ada

[2025-05-20 06:15:10] Semua file berhasil diinclude

[2025-05-20 06:15:10] Header diatur ke application/json; charset=utf-8

[2025-05-20 06:15:10] Emoji check - Raw input: 

[2025-05-20 06:15:10] Error: Request bukan POST

[2025-05-20 06:15:35] ===== Mulai eksekusi analyze.php =====

[2025-05-20 06:15:35] File memory_helper.php ada

[2025-05-20 06:15:35] memory_helper.php berhasil diinclude

[2025-05-20 06:15:35] File vendor/autoload.php ada

[2025-05-20 06:15:35] File config.php ada

[2025-05-20 06:15:35] File models/SentimentModel.php ada

[2025-05-20 06:15:35] Semua file berhasil diinclude

[2025-05-20 06:15:35] Header diatur ke application/json; charset=utf-8

[2025-05-20 06:15:35] Emoji check - Raw input: 

[2025-05-20 06:15:35] Error: Request bukan POST

[2025-05-20 06:34:20] ===== Mulai eksekusi analyze.php =====

[2025-05-20 06:34:20] File memory_helper.php ada

[2025-05-20 06:34:20] memory_helper.php berhasil diinclude

[2025-05-20 06:34:20] File vendor/autoload.php ada

[2025-05-20 06:34:20] File config.php ada

[2025-05-20 06:34:20] File models/SentimentModel.php ada

[2025-05-20 06:34:20] Semua file berhasil diinclude

[2025-05-20 06:34:20] Header diatur ke application/json; charset=utf-8

[2025-05-20 06:34:20] Emoji check - Raw input: 

[2025-05-20 06:34:20] Error: Request bukan POST

[2025-05-20 06:34:23] ===== Mulai eksekusi analyze.php =====

[2025-05-20 06:34:23] File memory_helper.php ada

[2025-05-20 06:34:23] memory_helper.php berhasil diinclude

[2025-05-20 06:34:23] File vendor/autoload.php ada

[2025-05-20 06:34:23] File config.php ada

[2025-05-20 06:34:23] File models/SentimentModel.php ada

[2025-05-20 06:34:23] Semua file berhasil diinclude

[2025-05-20 06:34:23] Header diatur ke application/json; charset=utf-8

[2025-05-20 06:34:23] Emoji check - Raw input: 

[2025-05-20 06:34:23] Error: Request bukan POST

